<?xml version="1.0" encoding="UTF-8"?>
<!-- Generated by org.testng.reporters.JUnitReportReporter -->
<testsuite skipped="0" hostname="THSLT10073" name="e2eautomation.Tc_001_testcases" tests="1" failures="0" timestamp="2020-10-29T11:43:21 IST" time="7.589" errors="0">
  <testcase name="tcase1" time="7.589" classname="e2eautomation.Tc_001_testcases"/>
  <system-out/>
</testsuite> <!-- e2eautomation.Tc_001_testcases -->
